POST /uploadPostImg received
multer saved to: C:\Users\96241\Desktop\my dear wife\post_imgs\1771472987668_love (2).jpg
returning publicPath: /post_imgs/1771472987668_love (2).jpg
POST /uploadPostImg received
multer saved to: C:\Users\96241\Desktop\my dear wife\post_imgs\1771503966040_垚垚.jpg
returning publicPath: /post_imgs/1771503966040_垚垚.jpg
POST /uploadPostImg received
multer saved to: C:\Users\96241\Desktop\my dear wife\post_imgs\1771633622394_结婚一周年 (2).jpg
returning publicPath: /post_imgs/1771633622394_结婚一周年 (2).jpg
POST /uploadPostImg received
multer saved to: C:\Users\96241\Desktop\my dear wife\post_imgs\1771634409030_love.jpg
returning publicPath: /post_imgs/1771634409030_love.jpg
POST /uploadPostImg received
multer saved to: C:\Users\96241\Desktop\my dear wife\post_imgs\1771634627849_1771058271850-lt0pqk.webp
returning publicPath: /post_imgs/1771634627849_1771058271850-lt0pqk.webp
POST /uploadPostImg received
multer saved to: C:\Users\96241\Desktop\my dear wife\post_imgs\1771662266000_双双.jpg
returning publicPath: /post_imgs/1771662266000_双双.jpg
POST /uploadPostImg received
multer saved to: C:\Users\96241\Desktop\my dear wife\post_imgs\1771662302522_结婚一周年 (2).jpg
returning publicPath: /post_imgs/1771662302522_结婚一周年 (2).jpg
POST /uploadPostImg received
multer saved to: C:\Users\96241\Desktop\my dear wife\post_imgs\1771662341392_一起过节.jpg
returning publicPath: /post_imgs/1771662341392_一起过节.jpg
POST /uploadPostImg received
multer saved to: C:\Users\96241\Desktop\my dear wife\post_imgs\1771662362306_love.jpg
returning publicPath: /post_imgs/1771662362306_love.jpg
POST /uploadPostImg received
multer saved to: C:\Users\96241\Desktop\my dear wife\post_imgs\1771662791271_双双 (4).jpg
returning publicPath: /post_imgs/1771662791271_双双 (4).jpg
POST /uploadPostImg received
multer saved to: C:\Users\96241\Desktop\my dear wife\post_imgs\1771662826787_1771058271850-lt0pqk.webp
returning publicPath: /post_imgs/1771662826787_1771058271850-lt0pqk.webp
POST /uploadPostImg received
multer saved to: C:\Users\96241\Desktop\my dear wife\post_imgs\1771664638943_九歌巷子.jpg
returning publicPath: /post_imgs/1771664638943_九歌巷子.jpg
POST /uploadPostImg received
multer saved to: C:\Users\96241\Desktop\my dear wife\post_imgs\1771664750576_1771039052650-ppxtl1.jpg
returning publicPath: /post_imgs/1771664750576_1771039052650-ppxtl1.jpg
POST /uploadPostImg received
multer saved to: C:\Users\96241\Desktop\my dear wife\post_imgs\1771669510761_垚垚.jpg
returning publicPath: /post_imgs/1771669510761_垚垚.jpg
POST /uploadPostImg received
multer saved to: C:\Users\96241\Desktop\my dear wife\post_imgs\1771671682287_结婚一周年.jpg
returning publicPath: /post_imgs/1771671682287_结婚一周年.jpg
POST /uploadPostImg received
multer saved to: C:\Users\96241\Desktop\my dear wife\post_imgs\1771672172571_009965ed3d55c887de673e312005f064.jpg
returning publicPath: /post_imgs/1771672172571_009965ed3d55c887de673e312005f064.jpg
POST /uploadPostImg received
multer saved to: C:\Users\96241\Desktop\my dear wife\post_imgs\1771680875488_b16228e0c9a94f1fc6db9b7607b49dea.jpeg
returning publicPath: /post_imgs/1771680875488_b16228e0c9a94f1fc6db9b7607b49dea.jpeg
POST /uploadPostImg received
multer saved to: C:\Users\96241\Desktop\my dear wife\post_imgs\1771680877039_b16228e0c9a94f1fc6db9b7607b49dea.jpeg
returning publicPath: /post_imgs/1771680877039_b16228e0c9a94f1fc6db9b7607b49dea.jpeg
POST /uploadPostImg received
multer saved to: C:\Users\96241\Desktop\my dear wife\post_imgs\1771680877498_b16228e0c9a94f1fc6db9b7607b49dea.jpeg
returning publicPath: /post_imgs/1771680877498_b16228e0c9a94f1fc6db9b7607b49dea.jpeg
POST /uploadPostImg received
multer saved to: C:\Users\96241\Desktop\my dear wife\post_imgs\1771680880219_b16228e0c9a94f1fc6db9b7607b49dea.jpeg
returning publicPath: /post_imgs/1771680880219_b16228e0c9a94f1fc6db9b7607b49dea.jpeg
POST /uploadPostImg received
multer saved to: C:\Users\96241\Desktop\my dear wife\post_imgs\1771680880598_b16228e0c9a94f1fc6db9b7607b49dea.jpeg
returning publicPath: /post_imgs/1771680880598_b16228e0c9a94f1fc6db9b7607b49dea.jpeg
POST /uploadPostImg received
multer saved to: C:\Users\96241\Desktop\my dear wife\post_imgs\1771680883003_b16228e0c9a94f1fc6db9b7607b49dea.jpeg
returning publicPath: /post_imgs/1771680883003_b16228e0c9a94f1fc6db9b7607b49dea.jpeg
POST /uploadPostImg received
multer saved to: C:\Users\96241\Desktop\my dear wife\post_imgs\1771680881861_b16228e0c9a94f1fc6db9b7607b49dea.jpeg
returning publicPath: /post_imgs/1771680881861_b16228e0c9a94f1fc6db9b7607b49dea.jpeg
POST /uploadPostImg received
multer saved to: C:\Users\96241\Desktop\my dear wife\post_imgs\1771680881113_b16228e0c9a94f1fc6db9b7607b49dea.jpeg
returning publicPath: /post_imgs/1771680881113_b16228e0c9a94f1fc6db9b7607b49dea.jpeg
POST /uploadPostImg received
multer saved to: C:\Users\96241\Desktop\my dear wife\post_imgs\1771682052820_d9d6d263557e927de88db1e6e446fb06.jpg
returning publicPath: /post_imgs/1771682052820_d9d6d263557e927de88db1e6e446fb06.jpg
POST /uploadPostImg received
multer saved to: C:\Users\96241\Desktop\my dear wife\post_imgs\1771682054468_d9d6d263557e927de88db1e6e446fb06.jpg
returning publicPath: /post_imgs/1771682054468_d9d6d263557e927de88db1e6e446fb06.jpg
POST /uploadPostImg received
multer saved to: C:\Users\96241\Desktop\my dear wife\post_imgs\1771682056224_d9d6d263557e927de88db1e6e446fb06.jpg
returning publicPath: /post_imgs/1771682056224_d9d6d263557e927de88db1e6e446fb06.jpg
POST /uploadPostImg received
multer saved to: C:\Users\96241\Desktop\my dear wife\post_imgs\1771682097106_d9d6d263557e927de88db1e6e446fb06.jpg
returning publicPath: /post_imgs/1771682097106_d9d6d263557e927de88db1e6e446fb06.jpg
POST /uploadPostImg received
multer saved to: C:\Users\96241\Desktop\my dear wife\post_imgs\1771682099117_d9d6d263557e927de88db1e6e446fb06.jpg
returning publicPath: /post_imgs/1771682099117_d9d6d263557e927de88db1e6e446fb06.jpg
POST /uploadPostImg received
multer saved to: C:\Users\96241\Desktop\my dear wife\post_imgs\1771682100288_d9d6d263557e927de88db1e6e446fb06.jpg
returning publicPath: /post_imgs/1771682100288_d9d6d263557e927de88db1e6e446fb06.jpg
POST /uploadPostImg received
multer saved to: C:\Users\96241\Desktop\my dear wife\post_imgs\1771682116295_d9d6d263557e927de88db1e6e446fb06.jpg
returning publicPath: /post_imgs/1771682116295_d9d6d263557e927de88db1e6e446fb06.jpg
POST /uploadPostImg received
multer saved to: C:\Users\96241\Desktop\my dear wife\post_imgs\1771682671460_IMG_2440.jpeg
returning publicPath: /post_imgs/1771682671460_IMG_2440.jpeg
POST /uploadPostImg received
multer saved to: C:\Users\96241\Desktop\my dear wife\post_imgs\1771682673099_IMG_2440.jpeg
returning publicPath: /post_imgs/1771682673099_IMG_2440.jpeg
POST /uploadPostImg received
multer saved to: C:\Users\96241\Desktop\my dear wife\post_imgs\1771683499903_IMG_0451.jpeg
returning publicPath: /post_imgs/1771683499903_IMG_0451.jpeg
POST /uploadPostImg received
multer saved to: C:\Users\96241\Desktop\my dear wife\post_imgs\1771683512428_IMG_0451.jpeg
returning publicPath: /post_imgs/1771683512428_IMG_0451.jpeg
POST /uploadPostImg received
multer saved to: C:\Users\96241\Desktop\my dear wife\post_imgs\1771683519370_IMG_0451.jpeg
returning publicPath: /post_imgs/1771683519370_IMG_0451.jpeg
POST /uploadPostImg received
multer saved to: C:\Users\96241\Desktop\my dear wife\post_imgs\1771683554490_IMG_0451.jpeg
returning publicPath: /post_imgs/1771683554490_IMG_0451.jpeg
POST /uploadPostImg received
multer saved to: C:\Users\96241\Desktop\my dear wife\post_imgs\1771684149875_d9d6d263557e927de88db1e6e446fb06.jpg
returning publicPath: /post_imgs/1771684149875_d9d6d263557e927de88db1e6e446fb06.jpg
POST /uploadPostImg received
multer saved to: C:\Users\96241\Desktop\my dear wife\post_imgs\1771684156446_d9d6d263557e927de88db1e6e446fb06.jpg
returning publicPath: /post_imgs/1771684156446_d9d6d263557e927de88db1e6e446fb06.jpg
POST /uploadPostImg received
multer saved to: C:\Users\96241\Desktop\my dear wife\post_imgs\1771684210632_d9d6d263557e927de88db1e6e446fb06.jpg
returning publicPath: /post_imgs/1771684210632_d9d6d263557e927de88db1e6e446fb06.jpg
POST /uploadPostImg received
multer saved to: C:\Users\96241\Desktop\my dear wife\post_imgs\1771684896184_1255a30d5cafe17285309bce93fa9089.jpeg
returning publicPath: /post_imgs/1771684896184_1255a30d5cafe17285309bce93fa9089.jpeg
POST /uploadPostImg received
multer saved to: C:\Users\96241\Desktop\my dear wife\post_imgs\1771685394399_IMG_0631.jpeg
returning publicPath: /post_imgs/1771685394399_IMG_0631.jpeg
POST /uploadPostImg received
multer saved to: C:\Users\96241\Desktop\my dear wife\post_imgs\1771700001357_IMG_0609.jpeg
returning publicPath: /post_imgs/1771700001357_IMG_0609.jpeg
POST /uploadPostImg received
multer saved to: C:\Users\96241\Desktop\my dear wife\post_imgs\1771700012357_IMG_0609.jpeg
returning publicPath: /post_imgs/1771700012357_IMG_0609.jpeg
